<?xml version="1.0" encoding="UTF-8"?>
<testng-results ignored="0" total="6" passed="6" failed="0" skipped="0">
  <reporter-output>
  </reporter-output>
  <suite started-at="2022-01-08T20:35:05 AEDT" name="Suite" finished-at="2022-01-08T20:35:16 AEDT" duration-ms="10981">
    <groups>
    </groups>
    <test started-at="2022-01-08T20:35:05 AEDT" name="Test" finished-at="2022-01-08T20:35:16 AEDT" duration-ms="10981">
      <class name="pages.Contact">
        <test-method is-config="true" signature="firstOpen()[pri:0, instance:pages.Contact@66f66866]" started-at="2022-01-08T20:35:05 AEDT" name="firstOpen" finished-at="2022-01-08T20:35:12 AEDT" duration-ms="6855" status="PASS">
          <reporter-output>
          </reporter-output>
        </test-method> <!-- firstOpen -->
        <test-method signature="formTesting(java.lang.String,java.lang.String,java.lang.String,java.lang.String,java.lang.String,java.lang.String)[pri:0, instance:pages.Contact@66f66866]" started-at="2022-01-08T20:35:13 AEDT" name="formTesting" data-provider="aformData" finished-at="2022-01-08T20:35:13 AEDT" duration-ms="13" status="PASS">
          <params>
            <param index="0">
              <value is-null="true"/>
            </param>
            <param index="1">
              <value is-null="true"/>
            </param>
            <param index="2">
              <value is-null="true"/>
            </param>
            <param index="3">
              <value is-null="true"/>
            </param>
            <param index="4">
              <value is-null="true"/>
            </param>
            <param index="5">
              <value is-null="true"/>
            </param>
          </params>
          <reporter-output>
          </reporter-output>
        </test-method> <!-- formTesting -->
        <test-method signature="formTesting(java.lang.String,java.lang.String,java.lang.String,java.lang.String,java.lang.String,java.lang.String)[pri:0, instance:pages.Contact@66f66866]" started-at="2022-01-08T20:35:13 AEDT" name="formTesting" data-provider="aformData" finished-at="2022-01-08T20:35:15 AEDT" duration-ms="1509" status="PASS">
          <params>
            <param index="0">
              <value>
                <![CDATA[Jon]]>
              </value>
            </param>
            <param index="1">
              <value>
                <![CDATA[Doe]]>
              </value>
            </param>
            <param index="2">
              <value>
                <![CDATA[australia]]>
              </value>
            </param>
            <param index="3">
              <value>
                <![CDATA[Male]]>
              </value>
            </param>
            <param index="4">
              <value>
                <![CDATA[j@gmail.com]]>
              </value>
            </param>
            <param index="5">
              <value>
                <![CDATA[I am testing]]>
              </value>
            </param>
          </params>
          <reporter-output>
          </reporter-output>
        </test-method> <!-- formTesting -->
        <test-method signature="formTesting(java.lang.String,java.lang.String,java.lang.String,java.lang.String,java.lang.String,java.lang.String)[pri:0, instance:pages.Contact@66f66866]" started-at="2022-01-08T20:35:15 AEDT" name="formTesting" data-provider="aformData" finished-at="2022-01-08T20:35:15 AEDT" duration-ms="817" status="PASS">
          <params>
            <param index="0">
              <value>
                <![CDATA[Esabela]]>
              </value>
            </param>
            <param index="1">
              <value>
                <![CDATA[Hoskins]]>
              </value>
            </param>
            <param index="2">
              <value>
                <![CDATA[usa]]>
              </value>
            </param>
            <param index="3">
              <value>
                <![CDATA[Female]]>
              </value>
            </param>
            <param index="4">
              <value>
                <![CDATA[e@hotmail.com]]>
              </value>
            </param>
            <param index="5">
              <value>
                <![CDATA[testing]]>
              </value>
            </param>
          </params>
          <reporter-output>
          </reporter-output>
        </test-method> <!-- formTesting -->
        <test-method signature="formTesting(java.lang.String,java.lang.String,java.lang.String,java.lang.String,java.lang.String,java.lang.String)[pri:0, instance:pages.Contact@66f66866]" started-at="2022-01-08T20:35:15 AEDT" name="formTesting" data-provider="aformData" finished-at="2022-01-08T20:35:16 AEDT" duration-ms="902" status="PASS">
          <params>
            <param index="0">
              <value>
                <![CDATA[Paramita]]>
              </value>
            </param>
            <param index="1">
              <value>
                <![CDATA[Bhattacharya]]>
              </value>
            </param>
            <param index="2">
              <value>
                <![CDATA[canada]]>
              </value>
            </param>
            <param index="3">
              <value>
                <![CDATA[Female]]>
              </value>
            </param>
            <param index="4">
              <value>
                <![CDATA[p@gmail.com]]>
              </value>
            </param>
            <param index="5">
              <value>
                <![CDATA[testing]]>
              </value>
            </param>
          </params>
          <reporter-output>
          </reporter-output>
        </test-method> <!-- formTesting -->
        <test-method signature="presenceOfNavbar()[pri:0, instance:pages.Contact@66f66866]" started-at="2022-01-08T20:35:16 AEDT" name="presenceOfNavbar" finished-at="2022-01-08T20:35:16 AEDT" duration-ms="38" status="PASS">
          <reporter-output>
          </reporter-output>
        </test-method> <!-- presenceOfNavbar -->
        <test-method signature="validateTitle()[pri:0, instance:pages.Contact@66f66866]" started-at="2022-01-08T20:35:16 AEDT" name="validateTitle" finished-at="2022-01-08T20:35:16 AEDT" duration-ms="6" status="PASS">
          <reporter-output>
          </reporter-output>
        </test-method> <!-- validateTitle -->
        <test-method is-config="true" signature="endofTest()[pri:0, instance:pages.Contact@66f66866]" started-at="2022-01-08T20:35:16 AEDT" name="endofTest" finished-at="2022-01-08T20:35:16 AEDT" duration-ms="100" status="PASS">
          <reporter-output>
          </reporter-output>
        </test-method> <!-- endofTest -->
      </class> <!-- pages.Contact -->
    </test> <!-- Test -->
  </suite> <!-- Suite -->
</testng-results>
