<?xml version="1.0" encoding="UTF-8"?>
<!-- Generated by org.testng.reporters.JUnitXMLReporter -->
<testsuite ignored="0" hostname="DESKTOP-9NL11TP" failures="0" tests="6" name="Test" time="10.981" errors="0" timestamp="2022-01-08T20:35:16 AEDT">
  <testcase classname="pages.Contact" name="formTesting" time="0.013"/>
  <testcase classname="pages.Contact" name="formTesting" time="1.509"/>
  <testcase classname="pages.Contact" name="formTesting" time="0.817"/>
  <testcase classname="pages.Contact" name="formTesting" time="0.902"/>
  <testcase classname="pages.Contact" name="presenceOfNavbar" time="0.038"/>
  <testcase classname="pages.Contact" name="validateTitle" time="0.006"/>
</testsuite> <!-- Test -->
