<?xml version="1.0" encoding="UTF-8"?>
<!-- Generated by org.testng.reporters.JUnitXMLReporter -->
<testsuite ignored="0" hostname="DESKTOP-9NL11TP" failures="0" tests="6" name="Default test" time="28.909" errors="0" timestamp="2022-01-09T08:16:45 AEDT">
  <testcase classname="pages.Contact" name="formTesting" time="0.004"/>
  <testcase classname="pages.Contact" name="formTesting" time="1.476"/>
  <testcase classname="pages.Contact" name="formTesting" time="0.818"/>
  <testcase classname="pages.Contact" name="formTesting" time="0.887"/>
  <testcase classname="pages.Contact" name="presenceOfNavbar" time="0.043"/>
  <testcase classname="pages.Contact" name="validateTitle" time="0.007"/>
</testsuite> <!-- Default test -->
